<?xml version="1.0" encoding="UTF-8"?>
<!-- Generated by org.testng.reporters.JUnitReportReporter -->
<testsuite hostname="Ravindra" failures="0" tests="1" name="seleniumtests.SimpleTest" time="25.153" errors="0" timestamp="2023-09-16T17:55:46 IST" skipped="0">
  <testcase classname="seleniumtests.SimpleTest" name="verifyTitle" time="25.153"/>
</testsuite> <!-- seleniumtests.SimpleTest -->
